<?xml version="1.0" encoding="utf-8"?><testsuites name="pytest tests"><testsuite name="pytest" errors="0" failures="0" skipped="0" tests="31" time="5.107" timestamp="2026-01-11T17:48:21.042076+00:00" hostname="agent-env-2ba53c10-3c56-41f7-afa5-2b4f14cd7764"><testcase classname="tests.test_photography_portfolio.TestHealthCheck" name="test_api_root" time="0.097" /><testcase classname="tests.test_photography_portfolio.TestAdminAuthentication" name="test_login_success" time="0.261" /><testcase classname="tests.test_photography_portfolio.TestAdminAuthentication" name="test_login_invalid_username" time="0.057" /><testcase classname="tests.test_photography_portfolio.TestAdminAuthentication" name="test_login_invalid_password" time="0.296" /><testcase classname="tests.test_photography_portfolio.TestAdminCredentials" name="test_get_admin_credentials" time="0.304" /><testcase classname="tests.test_photography_portfolio.TestAdminCredentials" name="test_change_credentials_wrong_old_password" time="0.523" /><testcase classname="tests.test_photography_portfolio.TestAdminCredentials" name="test_change_credentials_short_password" time="0.530" /><testcase classname="tests.test_photography_portfolio.TestAdminCredentials" name="test_change_credentials_success" time="0.521" /><testcase classname="tests.test_photography_portfolio.TestYouTubeSettings" name="test_get_youtube_settings_public" time="0.078" /><testcase classname="tests.test_photography_portfolio.TestYouTubeSettings" name="test_get_youtube_videos_public" time="0.036" /><testcase classname="tests.test_photography_portfolio.TestYouTubeSettings" name="test_get_youtube_settings_admin" time="0.310" /><testcase classname="tests.test_photography_portfolio.TestYouTubeSettings" name="test_update_youtube_settings" time="0.333" /><testcase classname="tests.test_photography_portfolio.TestSectionContent" name="test_get_films_section_public" time="0.037" /><testcase classname="tests.test_photography_portfolio.TestSectionContent" name="test_get_about_section_public" time="0.038" /><testcase classname="tests.test_photography_portfolio.TestSectionContent" name="test_get_contact_section_public" time="0.034" /><testcase classname="tests.test_photography_portfolio.TestSectionContent" name="test_get_weddings_section_public" time="0.079" /><testcase classname="tests.test_photography_portfolio.TestSectionContent" name="test_get_packages_section_public" time="0.036" /><testcase classname="tests.test_photography_portfolio.TestSectionContent" name="test_update_section_content" time="0.377" /><testcase classname="tests.test_photography_portfolio.TestSocialMediaLinks" name="test_get_social_media_public" time="0.036" /><testcase classname="tests.test_photography_portfolio.TestSocialMediaLinks" name="test_get_social_media_admin" time="0.296" /><testcase classname="tests.test_photography_portfolio.TestSocialMediaLinks" name="test_update_social_media_links" time="0.300" /><testcase classname="tests.test_photography_portfolio.TestPublicEndpoints" name="test_get_settings" time="0.039" /><testcase classname="tests.test_photography_portfolio.TestPublicEndpoints" name="test_get_hero_carousel" time="0.034" /><testcase classname="tests.test_photography_portfolio.TestPublicEndpoints" name="test_get_weddings" time="0.035" /><testcase classname="tests.test_photography_portfolio.TestPublicEndpoints" name="test_get_featured_film" time="0.031" /><testcase classname="tests.test_photography_portfolio.TestPublicEndpoints" name="test_get_about" time="0.037" /><testcase classname="tests.test_photography_portfolio.TestPublicEndpoints" name="test_get_packages" time="0.036" /><testcase classname="tests.test_photography_portfolio.TestPublicEndpoints" name="test_get_facebook_settings" time="0.034" /><testcase classname="tests.test_photography_portfolio.TestProtectedEndpoints" name="test_admin_credentials_requires_auth" time="0.074" /><testcase classname="tests.test_photography_portfolio.TestProtectedEndpoints" name="test_admin_youtube_requires_auth" time="0.035" /><testcase classname="tests.test_photography_portfolio.TestProtectedEndpoints" name="test_admin_social_media_requires_auth" time="0.074" /></testsuite></testsuites>